  main_day3_qt_2.cpp
d:\software\qt4_tools\qt4\include\qtcore\qobject.h(1): warning C4464: relative include path contains '..'
d:\software\qt4_tools\qt4\include\qtcore\qobjectdefs.h(1): warning C4464: relative include path contains '..'
d:\software\qt4_tools\qt4\include\qtcore\qnamespace.h(1): warning C4464: relative include path contains '..'
d:\software\qt4_tools\qt4\include\qtcore\qglobal.h(1): warning C4464: relative include path contains '..'
d:\software\qt4_tools\qt4\include\qtcore\qconfig.h(1): warning C4464: relative include path contains '..'
d:\software\qt4_tools\qt4\include\qtcore\qfeatures.h(1): warning C4464: relative include path contains '..'
d:\software\qt4_tools\qt4\include\qtcore\qstring.h(1): warning C4464: relative include path contains '..'
d:\software\qt4_tools\qt4\include\qtcore\qchar.h(1): warning C4464: relative include path contains '..'
d:\software\qt4_tools\qt4\include\qtcore\qglobal.h(1): warning C4464: relative include path contains '..'
d:\software\qt4_tools\qt4\include\qtcore\qbytearray.h(1): warning C4464: relative include path contains '..'
d:\software\qt4_tools\qt4\include\qtcore\qatomic.h(1): warning C4464: relative include path contains '..'
d:\software\qt4_tools\qt4\include\qtcore\qglobal.h(1): warning C4464: relative include path contains '..'
d:\software\qt4_tools\qt4\include\qtcore\qbasicatomic.h(1): warning C4464: relative include path contains '..'
d:\software\qt4_tools\qt4\include\qtcore\qglobal.h(1): warning C4464: relative include path contains '..'
d:\software\qt4_tools\qt4\include\qtcore\qatomic_arch.h(1): warning C4464: relative include path contains '..'
d:\software\qt4_tools\qt4\include\qtcore\qglobal.h(1): warning C4464: relative include path contains '..'
d:\software\qt4_tools\qt4\include\qtcore\qatomic_windows.h(1): warning C4464: relative include path contains '..'
d:\software\qt4_tools\qt4\include\qtcore\qnamespace.h(1): warning C4464: relative include path contains '..'
d:\software\qt4_tools\qt4\include\qtcore\qatomic.h(1): warning C4464: relative include path contains '..'
d:\software\qt4_tools\qt4\include\qtcore\qnamespace.h(1): warning C4464: relative include path contains '..'
d:\software\qt4_tools\qt4\include\qtcore\qbytearray.h(1): warning C4464: relative include path contains '..'
d:\software\qt4_tools\qt4\include\qtcore\qlist.h(1): warning C4464: relative include path contains '..'
d:\software\qt4_tools\qt4\include\qtcore\qiterator.h(1): warning C4464: relative include path contains '..'
d:\software\qt4_tools\qt4\include\qtcore\qglobal.h(1): warning C4464: relative include path contains '..'
d:\software\qt4_tools\qt4\include\qtcore\qatomic.h(1): warning C4464: relative include path contains '..'
d:\software\qt4_tools\qt4\include\qtcore\qalgorithms.h(1): warning C4464: relative include path contains '..'
d:\software\qt4_tools\qt4\include\qtcore\qglobal.h(1): warning C4464: relative include path contains '..'
d:\software\qt4_tools\qt4\include\qtcore\qscopedpointer.h(1): warning C4464: relative include path contains '..'
d:\software\qt4_tools\qt4\include\qtcore\qglobal.h(1): warning C4464: relative include path contains '..'
d:\software\qt4_tools\qt4\include\qtcore\qtimer.h(1): warning C4464: relative include path contains '..'
d:\software\qt4_tools\qt4\include\qtcore\qbasictimer.h(1): warning C4464: relative include path contains '..'
d:\software\qt4_tools\qt4\include\qtcore\qglobal.h(1): warning C4464: relative include path contains '..'
d:\software\qt4_tools\qt4\include\qtcore\qobject.h(1): warning C4464: relative include path contains '..'
d:\projects\cpp\workshop-cvc\cpp-workshop\macroexercise\macroexercise\sender.hpp(42): warning C4355: 'this': used in base member initializer list
d:\software\qt4_tools\qt4\include\qtcore\qvector.h(1): warning C4464: relative include path contains '..'
d:\software\qt4_tools\qt4\include\qtcore\qiterator.h(1): warning C4464: relative include path contains '..'
d:\software\qt4_tools\qt4\include\qtcore\qatomic.h(1): warning C4464: relative include path contains '..'
d:\software\qt4_tools\qt4\include\qtcore\qalgorithms.h(1): warning C4464: relative include path contains '..'
d:\software\qt4_tools\qt4\include\qtcore\qlist.h(1): warning C4464: relative include path contains '..'
d:\software\qt4_tools\qt4\include\qtcore\qpoint.h(1): warning C4464: relative include path contains '..'
d:\software\qt4_tools\qt4\include\qtcore\qnamespace.h(1): warning C4464: relative include path contains '..'
d:\software\qt4_tools\qt4\include\qtcore\qpoint.h(1): warning C4464: relative include path contains '..'
d:\software\qt4_tools\qt4\include\qtcore\qstring.h(1): warning C4464: relative include path contains '..'
d:\software\qt4_tools\qt4\include\qtcore\qdebug.h(1): warning C4464: relative include path contains '..'
d:\software\qt4_tools\qt4\include\qtcore\qalgorithms.h(1): warning C4464: relative include path contains '..'
d:\software\qt4_tools\qt4\include\qtcore\qhash.h(1): warning C4464: relative include path contains '..'
d:\software\qt4_tools\qt4\include\qtcore\qatomic.h(1): warning C4464: relative include path contains '..'
d:\software\qt4_tools\qt4\include\qtcore\qchar.h(1): warning C4464: relative include path contains '..'
d:\software\qt4_tools\qt4\include\qtcore\qiterator.h(1): warning C4464: relative include path contains '..'
d:\software\qt4_tools\qt4\include\qtcore\qlist.h(1): warning C4464: relative include path contains '..'
d:\software\qt4_tools\qt4\include\qtcore\qpair.h(1): warning C4464: relative include path contains '..'
d:\software\qt4_tools\qt4\include\qtcore\qdatastream.h(1): warning C4464: relative include path contains '..'
d:\software\qt4_tools\qt4\include\qtcore\qscopedpointer.h(1): warning C4464: relative include path contains '..'
d:\software\qt4_tools\qt4\include\qtcore\qiodevice.h(1): warning C4464: relative include path contains '..'
d:\software\qt4_tools\qt4\include\qtcore\qobject.h(1): warning C4464: relative include path contains '..'
d:\software\qt4_tools\qt4\include\qtcore\qstring.h(1): warning C4464: relative include path contains '..'
d:\software\qt4_tools\qt4\include\qtcore\qglobal.h(1): warning C4464: relative include path contains '..'
d:\software\qt4_tools\qt4\include\qtcore\qlist.h(1): warning C4464: relative include path contains '..'
d:\software\qt4_tools\qt4\include\qtcore\qmap.h(1): warning C4464: relative include path contains '..'
d:\software\qt4_tools\qt4\include\qtcore\qatomic.h(1): warning C4464: relative include path contains '..'
d:\software\qt4_tools\qt4\include\qtcore\qiterator.h(1): warning C4464: relative include path contains '..'
d:\software\qt4_tools\qt4\include\qtcore\qlist.h(1): warning C4464: relative include path contains '..'
d:\software\qt4_tools\qt4\include\qtcore\qpair.h(1): warning C4464: relative include path contains '..'
d:\software\qt4_tools\qt4\include\qtcore\qtextstream.h(1): warning C4464: relative include path contains '..'
d:\software\qt4_tools\qt4\include\qtcore\qiodevice.h(1): warning C4464: relative include path contains '..'
d:\software\qt4_tools\qt4\include\qtcore\qstring.h(1): warning C4464: relative include path contains '..'
d:\software\qt4_tools\qt4\include\qtcore\qchar.h(1): warning C4464: relative include path contains '..'
d:\software\qt4_tools\qt4\include\qtcore\qlocale.h(1): warning C4464: relative include path contains '..'
d:\software\qt4_tools\qt4\include\qtcore\qvariant.h(1): warning C4464: relative include path contains '..'
d:\software\qt4_tools\qt4\include\qtcore\qatomic.h(1): warning C4464: relative include path contains '..'
d:\software\qt4_tools\qt4\include\qtcore\qbytearray.h(1): warning C4464: relative include path contains '..'
d:\software\qt4_tools\qt4\include\qtcore\qlist.h(1): warning C4464: relative include path contains '..'
d:\software\qt4_tools\qt4\include\qtcore\qmetatype.h(1): warning C4464: relative include path contains '..'
d:\software\qt4_tools\qt4\include\qtcore\qglobal.h(1): warning C4464: relative include path contains '..'
d:\software\qt4_tools\qt4\include\qtcore\qatomic.h(1): warning C4464: relative include path contains '..'
d:\software\qt4_tools\qt4\include\qtcore\qdatastream.h(1): warning C4464: relative include path contains '..'
d:\software\qt4_tools\qt4\include\qtcore\qmap.h(1): warning C4464: relative include path contains '..'
d:\software\qt4_tools\qt4\include\qtcore\qhash.h(1): warning C4464: relative include path contains '..'
d:\software\qt4_tools\qt4\include\qtcore\qstring.h(1): warning C4464: relative include path contains '..'
d:\software\qt4_tools\qt4\include\qtcore\qstring.h(1): warning C4464: relative include path contains '..'
d:\software\qt4_tools\qt4\include\qtcore\qobjectdefs.h(1): warning C4464: relative include path contains '..'
d:\software\qt4_tools\qt4\include\qtcore\qscopedpointer.h(1): warning C4464: relative include path contains '..'
d:\software\qt4_tools\qt4\include\qtcore\qstring.h(1): warning C4464: relative include path contains '..'
d:\software\qt4_tools\qt4\include\qtcore\qvector.h(1): warning C4464: relative include path contains '..'
d:\software\qt4_tools\qt4\include\qtcore\qset.h(1): warning C4464: relative include path contains '..'
d:\software\qt4_tools\qt4\include\qtcore\qhash.h(1): warning C4464: relative include path contains '..'
d:\software\qt4_tools\qt4\include\qtcore\qcontiguouscache.h(1): warning C4464: relative include path contains '..'
d:\software\qt4_tools\qt4\include\qtcore\qatomic.h(1): warning C4464: relative include path contains '..'
d:\software\qt4_tools\qt4\src\corelib\io\qdebug.h(74): warning C5026: 'QDebug::Stream': move constructor was implicitly defined as deleted
d:\software\qt4_tools\qt4\src\corelib\io\qdebug.h(74): warning C5027: 'QDebug::Stream': move assignment operator was implicitly defined as deleted
d:\software\qt4_tools\qt4\include\qtcore\qelapsedtimer.h(1): warning C4464: relative include path contains '..'
d:\software\qt4_tools\qt4\include\qtcore\qglobal.h(1): warning C4464: relative include path contains '..'
d:\software\qt4_tools\qt4\include\qtcore\qtimer.h(1): warning C4464: relative include path contains '..'
d:\software\qt4_tools\qt4\include\qtcore\qcoreapplication.h(1): warning C4464: relative include path contains '..'
d:\software\qt4_tools\qt4\include\qtcore\qobject.h(1): warning C4464: relative include path contains '..'
d:\software\qt4_tools\qt4\include\qtcore\qcoreevent.h(1): warning C4464: relative include path contains '..'
d:\software\qt4_tools\qt4\include\qtcore\qnamespace.h(1): warning C4464: relative include path contains '..'
d:\software\qt4_tools\qt4\include\qtcore\qbytearray.h(1): warning C4464: relative include path contains '..'
d:\software\qt4_tools\qt4\include\qtcore\qobjectdefs.h(1): warning C4464: relative include path contains '..'
d:\software\qt4_tools\qt4\include\qtcore\qeventloop.h(1): warning C4464: relative include path contains '..'
d:\software\qt4_tools\qt4\include\qtcore\qobject.h(1): warning C4464: relative include path contains '..'
d:\software\qt4_tools\qt4\include\qtcore\qthread.h(1): warning C4464: relative include path contains '..'
d:\software\qt4_tools\qt4\include\qtcore\qobject.h(1): warning C4464: relative include path contains '..'
  Sender.cpp
d:\software\qt4_tools\qt4\include\qtcore\qobject.h(1): warning C4464: relative include path contains '..'
d:\software\qt4_tools\qt4\include\qtcore\qobjectdefs.h(1): warning C4464: relative include path contains '..'
d:\software\qt4_tools\qt4\include\qtcore\qnamespace.h(1): warning C4464: relative include path contains '..'
d:\software\qt4_tools\qt4\include\qtcore\qglobal.h(1): warning C4464: relative include path contains '..'
d:\software\qt4_tools\qt4\include\qtcore\qconfig.h(1): warning C4464: relative include path contains '..'
d:\software\qt4_tools\qt4\include\qtcore\qfeatures.h(1): warning C4464: relative include path contains '..'
d:\software\qt4_tools\qt4\include\qtcore\qstring.h(1): warning C4464: relative include path contains '..'
d:\software\qt4_tools\qt4\include\qtcore\qchar.h(1): warning C4464: relative include path contains '..'
d:\software\qt4_tools\qt4\include\qtcore\qglobal.h(1): warning C4464: relative include path contains '..'
d:\software\qt4_tools\qt4\include\qtcore\qbytearray.h(1): warning C4464: relative include path contains '..'
d:\software\qt4_tools\qt4\include\qtcore\qatomic.h(1): warning C4464: relative include path contains '..'
d:\software\qt4_tools\qt4\include\qtcore\qglobal.h(1): warning C4464: relative include path contains '..'
d:\software\qt4_tools\qt4\include\qtcore\qbasicatomic.h(1): warning C4464: relative include path contains '..'
d:\software\qt4_tools\qt4\include\qtcore\qglobal.h(1): warning C4464: relative include path contains '..'
d:\software\qt4_tools\qt4\include\qtcore\qatomic_arch.h(1): warning C4464: relative include path contains '..'
d:\software\qt4_tools\qt4\include\qtcore\qglobal.h(1): warning C4464: relative include path contains '..'
d:\software\qt4_tools\qt4\include\qtcore\qatomic_windows.h(1): warning C4464: relative include path contains '..'
d:\software\qt4_tools\qt4\include\qtcore\qnamespace.h(1): warning C4464: relative include path contains '..'
d:\software\qt4_tools\qt4\include\qtcore\qatomic.h(1): warning C4464: relative include path contains '..'
d:\software\qt4_tools\qt4\include\qtcore\qnamespace.h(1): warning C4464: relative include path contains '..'
d:\software\qt4_tools\qt4\include\qtcore\qbytearray.h(1): warning C4464: relative include path contains '..'
d:\software\qt4_tools\qt4\include\qtcore\qlist.h(1): warning C4464: relative include path contains '..'
d:\software\qt4_tools\qt4\include\qtcore\qiterator.h(1): warning C4464: relative include path contains '..'
d:\software\qt4_tools\qt4\include\qtcore\qglobal.h(1): warning C4464: relative include path contains '..'
d:\software\qt4_tools\qt4\include\qtcore\qatomic.h(1): warning C4464: relative include path contains '..'
d:\software\qt4_tools\qt4\include\qtcore\qalgorithms.h(1): warning C4464: relative include path contains '..'
d:\software\qt4_tools\qt4\include\qtcore\qglobal.h(1): warning C4464: relative include path contains '..'
d:\software\qt4_tools\qt4\include\qtcore\qscopedpointer.h(1): warning C4464: relative include path contains '..'
d:\software\qt4_tools\qt4\include\qtcore\qglobal.h(1): warning C4464: relative include path contains '..'
d:\software\qt4_tools\qt4\include\qtcore\qtimer.h(1): warning C4464: relative include path contains '..'
d:\software\qt4_tools\qt4\include\qtcore\qbasictimer.h(1): warning C4464: relative include path contains '..'
d:\software\qt4_tools\qt4\include\qtcore\qglobal.h(1): warning C4464: relative include path contains '..'
d:\software\qt4_tools\qt4\include\qtcore\qobject.h(1): warning C4464: relative include path contains '..'
d:\projects\cpp\workshop-cvc\cpp-workshop\macroexercise\macroexercise\sender.hpp(42): warning C4355: 'this': used in base member initializer list
d:\software\qt4_tools\qt4\include\qtcore\qthread.h(1): warning C4464: relative include path contains '..'
d:\software\qt4_tools\qt4\include\qtcore\qobject.h(1): warning C4464: relative include path contains '..'
  Receiver.cpp
d:\software\qt4_tools\qt4\include\qtcore\qobject.h(1): warning C4464: relative include path contains '..'
d:\software\qt4_tools\qt4\include\qtcore\qobjectdefs.h(1): warning C4464: relative include path contains '..'
d:\software\qt4_tools\qt4\include\qtcore\qnamespace.h(1): warning C4464: relative include path contains '..'
d:\software\qt4_tools\qt4\include\qtcore\qglobal.h(1): warning C4464: relative include path contains '..'
d:\software\qt4_tools\qt4\include\qtcore\qconfig.h(1): warning C4464: relative include path contains '..'
d:\software\qt4_tools\qt4\include\qtcore\qfeatures.h(1): warning C4464: relative include path contains '..'
d:\software\qt4_tools\qt4\include\qtcore\qstring.h(1): warning C4464: relative include path contains '..'
d:\software\qt4_tools\qt4\include\qtcore\qchar.h(1): warning C4464: relative include path contains '..'
d:\software\qt4_tools\qt4\include\qtcore\qglobal.h(1): warning C4464: relative include path contains '..'
d:\software\qt4_tools\qt4\include\qtcore\qbytearray.h(1): warning C4464: relative include path contains '..'
d:\software\qt4_tools\qt4\include\qtcore\qatomic.h(1): warning C4464: relative include path contains '..'
d:\software\qt4_tools\qt4\include\qtcore\qglobal.h(1): warning C4464: relative include path contains '..'
d:\software\qt4_tools\qt4\include\qtcore\qbasicatomic.h(1): warning C4464: relative include path contains '..'
d:\software\qt4_tools\qt4\include\qtcore\qglobal.h(1): warning C4464: relative include path contains '..'
d:\software\qt4_tools\qt4\include\qtcore\qatomic_arch.h(1): warning C4464: relative include path contains '..'
d:\software\qt4_tools\qt4\include\qtcore\qglobal.h(1): warning C4464: relative include path contains '..'
d:\software\qt4_tools\qt4\include\qtcore\qatomic_windows.h(1): warning C4464: relative include path contains '..'
d:\software\qt4_tools\qt4\include\qtcore\qnamespace.h(1): warning C4464: relative include path contains '..'
d:\software\qt4_tools\qt4\include\qtcore\qatomic.h(1): warning C4464: relative include path contains '..'
d:\software\qt4_tools\qt4\include\qtcore\qnamespace.h(1): warning C4464: relative include path contains '..'
d:\software\qt4_tools\qt4\include\qtcore\qbytearray.h(1): warning C4464: relative include path contains '..'
d:\software\qt4_tools\qt4\include\qtcore\qlist.h(1): warning C4464: relative include path contains '..'
d:\software\qt4_tools\qt4\include\qtcore\qiterator.h(1): warning C4464: relative include path contains '..'
d:\software\qt4_tools\qt4\include\qtcore\qglobal.h(1): warning C4464: relative include path contains '..'
d:\software\qt4_tools\qt4\include\qtcore\qatomic.h(1): warning C4464: relative include path contains '..'
d:\software\qt4_tools\qt4\include\qtcore\qalgorithms.h(1): warning C4464: relative include path contains '..'
d:\software\qt4_tools\qt4\include\qtcore\qglobal.h(1): warning C4464: relative include path contains '..'
d:\software\qt4_tools\qt4\include\qtcore\qscopedpointer.h(1): warning C4464: relative include path contains '..'
d:\software\qt4_tools\qt4\include\qtcore\qglobal.h(1): warning C4464: relative include path contains '..'
d:\software\qt4_tools\qt4\include\qtcore\qthread.h(1): warning C4464: relative include path contains '..'
d:\software\qt4_tools\qt4\include\qtcore\qobject.h(1): warning C4464: relative include path contains '..'
  Generating Code...
  MacroExercise.vcxproj -> D:\Projects\CPP\workshop-cvc\cpp-workshop\MacroExercise\Debug\MacroExercise.exe
  MacroExercise.vcxproj -> D:\Projects\CPP\workshop-cvc\cpp-workshop\MacroExercise\Debug\MacroExercise.pdb (Full PDB)
